<?xml version="1.0" encoding="UTF-8"?>
<!-- Generated by org.testng.reporters.JUnitReportReporter -->
<testsuite hostname="DESKTOP-3RJO6BK" failures="0" tests="1" name="com.inetBanking.TestData.TC_LoginTest_001" time="2.326" errors="0" timestamp="29 Feb 2024 08:05:59 GMT" skipped="0">
  <testcase classname="com.inetBanking.TestData.TC_LoginTest_001" name="loginPageTest" time="2.326"/>
</testsuite> <!-- com.inetBanking.TestData.TC_LoginTest_001 -->
