<?xml version="1.0" encoding="UTF-8"?>
<!-- Generated by org.testng.reporters.JUnitReportReporter -->
<testsuite hostname="DESKTOP-3RJO6BK" failures="0" tests="2" name="com.inetBanking.TestCases.TC_LoginTest_001" time="2.496" errors="0" timestamp="2024-03-15T14:31:57 IST" skipped="0">
  <testcase classname="com.inetBanking.TestCases.TC_LoginTest_001" name="loginPageValidationTest" time="0.082"/>
  <testcase classname="com.inetBanking.TestCases.TC_LoginTest_001" name="userCredentialsLoginTest" time="2.414"/>
</testsuite> <!-- com.inetBanking.TestCases.TC_LoginTest_001 -->
