<?xml version="1.0" encoding="UTF-8"?>
<!-- Generated by org.testng.reporters.JUnitReportReporter -->
<testsuite hostname="DESKTOP-3RJO6BK" failures="0" tests="1" name="com.inetBanking.TestCases.TC_LoginTestDDT_002" time="7.538" errors="0" timestamp="2024-03-15T14:31:57 IST" skipped="0">
  <testcase classname="com.inetBanking.TestCases.TC_LoginTestDDT_002" name="loginTestDataDriven" time="7.538"/>
</testsuite> <!-- com.inetBanking.TestCases.TC_LoginTestDDT_002 -->
